[0622/112942.626:ERROR:process_info.cc(625)] range at 0x297635a400000000, size 0x253 fully unreadable
[0622/112942.626:ERROR:process_info.cc(625)] range at 0x2976360600000000, size 0x253 fully unreadable
[0622/112942.626:ERROR:process_info.cc(625)] range at 0x0, size 0x253 fully unreadable
[0622/112942.720:ERROR:process_reader_win.cc(233)] ReadMemory at 0x253296a0000 of 64 bytes failed: Seule une partie d’une requête ReadProcessMemory ou WriteProcessMemory a été effectuée. (0x12B)
[0622/112942.736:WARNING:pe_image_reader.cc(281)] could not read dos header from C:\WINDOWS\System32\IMM32.DLL
[0622/112942.736:ERROR:process_reader_win.cc(233)] ReadMemory at 0x7ffb1ef50000 of 64 bytes failed: Seule une partie d’une requête ReadProcessMemory ou WriteProcessMemory a été effectuée. (0x12B)
[0622/112942.736:WARNING:pe_image_reader.cc(281)] could not read dos header from C:\WINDOWS\System32\cfgmgr32.dll
[0622/112942.736:ERROR:process_reader_win.cc(233)] ReadMemory at 0x7ffb1ecd0000 of 64 bytes failed: Seule une partie d’une requête ReadProcessMemory ou WriteProcessMemory a été effectuée. (0x12B)
[0622/112942.736:WARNING:pe_image_reader.cc(281)] could not read dos header from C:\WINDOWS\System32\powrprof.dll
[0622/112942.736:ERROR:process_reader_win.cc(233)] ReadMemory at 0x7ffb1ed20000 of 64 bytes failed: Seule une partie d’une requête ReadProcessMemory ou WriteProcessMemory a été effectuée. (0x12B)
[0622/112942.736:WARNING:pe_image_reader.cc(281)] could not read dos header from C:\WINDOWS\System32\kernel.appcore.dll
[0622/112942.736:ERROR:process_reader_win.cc(233)] ReadMemory at 0x7ffb1f060000 of 64 bytes failed: Seule une partie d’une requête ReadProcessMemory ou WriteProcessMemory a été effectuée. (0x12B)
[0622/112942.736:WARNING:pe_image_reader.cc(281)] could not read dos header from C:\WINDOWS\System32\shcore.dll
[0622/112942.736:ERROR:process_reader_win.cc(233)] ReadMemory at 0x7ffb1ecb0000 of 64 bytes failed: Seule une partie d’une requête ReadProcessMemory ou WriteProcessMemory a été effectuée. (0x12B)
[0622/112942.736:WARNING:pe_image_reader.cc(281)] could not read dos header from C:\WINDOWS\System32\profapi.dll
[0622/112942.736:ERROR:process_reader_win.cc(233)] ReadMemory at 0x7ffb1f5c0000 of 64 bytes failed: Seule une partie d’une requête ReadProcessMemory ou WriteProcessMemory a été effectuée. (0x12B)
[0622/112942.736:WARNING:pe_image_reader.cc(281)] could not read dos header from C:\WINDOWS\System32\windows.storage.dll
[0622/112942.736:ERROR:process_reader_win.cc(233)] ReadMemory at 0x7ffb20900000 of 64 bytes failed: Seule une partie d’une requête ReadProcessMemory ou WriteProcessMemory a été effectuée. (0x12B)
[0622/112942.736:WARNING:pe_image_reader.cc(281)] could not read dos header from C:\WINDOWS\System32\SHELL32.dll
[0622/112942.736:ERROR:process_reader_win.cc(233)] ReadMemory at 0x7ffb1e3f0000 of 64 bytes failed: Seule une partie d’une requête ReadProcessMemory ou WriteProcessMemory a été effectuée. (0x12B)
[0622/112942.736:WARNING:pe_image_reader.cc(281)] could not read dos header from C:\WINDOWS\SYSTEM32\USERENV.dll
[0622/112942.736:ERROR:process_reader_win.cc(233)] ReadMemory at 0x7ffb1a750000 of 64 bytes failed: Seule une partie d’une requête ReadProcessMemory ou WriteProcessMemory a été effectuée. (0x12B)
[0622/112942.736:WARNING:pe_image_reader.cc(281)] could not read dos header from C:\WINDOWS\SYSTEM32\MPR.dll
[0622/112942.736:ERROR:process_reader_win.cc(233)] ReadMemory at 0x7ffb11c90000 of 64 bytes failed: Seule une partie d’une requête ReadProcessMemory ou WriteProcessMemory a été effectuée. (0x12B)
[0622/112942.736:WARNING:pe_image_reader.cc(281)] could not read dos header from C:\WINDOWS\SYSTEM32\VERSION.dll
[0622/112942.736:ERROR:process_reader_win.cc(233)] ReadMemory at 0x7ffb09bf0000 of 64 bytes failed: Seule une partie d’une requête ReadProcessMemory ou WriteProcessMemory a été effectuée. (0x12B)
[0622/112942.736:WARNING:pe_image_reader.cc(281)] could not read dos header from C:\Program Files (x86)\Google\Chrome\Application\58.0.3029.110\chrome_elf.dll
[0622/112942.736:ERROR:process_reader_win.cc(233)] ReadMemory at 0x7ffb1b890000 of 64 bytes failed: Seule une partie d’une requête ReadProcessMemory ou WriteProcessMemory a été effectuée. (0x12B)
[0622/112942.736:WARNING:pe_image_reader.cc(281)] could not read dos header from C:\WINDOWS\SYSTEM32\WINMMBASE.dll
[0622/112942.736:ERROR:process_reader_win.cc(233)] ReadMemory at 0x7ffb1b8c0000 of 64 bytes failed: Seule une partie d’une requête ReadProcessMemory ou WriteProcessMemory a été effectuée. (0x12B)
[0622/112942.736:WARNING:pe_image_reader.cc(281)] could not read dos header from C:\WINDOWS\SYSTEM32\WINMM.dll
[0622/112942.736:ERROR:process_reader_win.cc(233)] ReadMemory at 0x7ffb1c440000 of 64 bytes failed: Seule une partie d’une requête ReadProcessMemory ou WriteProcessMemory a été effectuée. (0x12B)
[0622/112942.736:WARNING:pe_image_reader.cc(281)] could not read dos header from C:\WINDOWS\SYSTEM32\WINHTTP.dll
[0622/112942.736:ERROR:process_reader_win.cc(233)] ReadMemory at 0x7ffb1e730000 of 64 bytes failed: Seule une partie d’une requête ReadProcessMemory ou WriteProcessMemory a été effectuée. (0x12B)
[0622/112942.736:WARNING:pe_image_reader.cc(281)] could not read dos header from C:\WINDOWS\SYSTEM32\CRYPTBASE.DLL
[0622/112942.736:ERROR:process_reader_win.cc(233)] ReadMemory at 0x7ffb1efc0000 of 64 bytes failed: Seule une partie d’une requête ReadProcessMemory ou WriteProcessMemory a été effectuée. (0x12B)
[0622/112942.736:WARNING:pe_image_reader.cc(281)] could not read dos header from C:\WINDOWS\System32\msvcp_win.dll
[0622/112942.736:ERROR:process_reader_win.cc(233)] ReadMemory at 0x7ffb1ff60000 of 64 bytes failed: Seule une partie d’une requête ReadProcessMemory ou WriteProcessMemory a été effectuée. (0x12B)
[0622/112942.736:WARNING:pe_image_reader.cc(281)] could not read dos header from C:\WINDOWS\System32\OLEAUT32.dll
[0622/112942.736:ERROR:process_reader_win.cc(233)] ReadMemory at 0x7ffb15c50000 of 64 bytes failed: Seule une partie d’une requête ReadProcessMemory ou WriteProcessMemory a été effectuée. (0x12B)
[0622/112942.736:WARNING:pe_image_reader.cc(281)] could not read dos header from C:\WINDOWS\SYSTEM32\ninput.dll
[0622/112942.736:ERROR:process_reader_win.cc(233)] ReadMemory at 0x7ffb10e80000 of 64 bytes failed: Seule une partie d’une requête ReadProcessMemory ou WriteProcessMemory a été effectuée. (0x12B)
[0622/112942.736:WARNING:pe_image_reader.cc(281)] could not read dos header from C:\WINDOWS\WinSxS\amd64_microsoft.windows.common-controls_6595b64144ccf1df_6.0.14393.953_none_42151e83c686086b\COMCTL32.dll
[0622/112942.736:ERROR:process_reader_win.cc(233)] ReadMemory at 0x7ffb207a0000 of 64 bytes failed: Seule une partie d’une requête ReadProcessMemory ou WriteProcessMemory a été effectuée. (0x12B)
[0622/112942.736:WARNING:pe_image_reader.cc(281)] could not read dos header from C:\WINDOWS\System32\COMDLG32.dll
[0622/112942.736:ERROR:process_reader_win.cc(233)] ReadMemory at 0x7ffb1a5b0000 of 64 bytes failed: Seule une partie d’une requête ReadProcessMemory ou WriteProcessMemory a été effectuée. (0x12B)
[0622/112942.736:WARNING:pe_image_reader.cc(281)] could not read dos header from C:\WINDOWS\SYSTEM32\dbghelp.dll
[0622/112942.736:ERROR:process_reader_win.cc(233)] ReadMemory at 0x7ffb20780000 of 64 bytes failed: Seule une partie d’une requête ReadProcessMemory ou WriteProcessMemory a été effectuée. (0x12B)
[0622/112942.736:WARNING:pe_image_reader.cc(281)] could not read dos header from C:\WINDOWS\System32\USP10.dll
[0622/112942.736:ERROR:process_reader_win.cc(233)] ReadMemory at 0x7ffb1ebe0000 of 64 bytes failed: Seule une partie d’une requête ReadProcessMemory ou WriteProcessMemory a été effectuée. (0x12B)
[0622/112942.736:WARNING:pe_image_reader.cc(281)] could not read dos header from C:\WINDOWS\SYSTEM32\bcrypt.dll
[0622/112942.736:ERROR:process_reader_win.cc(233)] ReadMemory at 0x7ffb16640000 of 64 bytes failed: Seule une partie d’une requête ReadProcessMemory ou WriteProcessMemory a été effectuée. (0x12B)
[0622/112942.736:WARNING:pe_image_reader.cc(281)] could not read dos header from C:\WINDOWS\SYSTEM32\WINSPOOL.DRV
[0622/112942.736:ERROR:process_reader_win.cc(233)] ReadMemory at 0x7ffb1e2f0000 of 64 bytes failed: Seule une partie d’une requête ReadProcessMemory ou WriteProcessMemory a été effectuée. (0x12B)
[0622/112942.736:WARNING:pe_image_reader.cc(281)] could not read dos header from C:\WINDOWS\SYSTEM32\IPHLPAPI.DLL
[0622/112942.736:ERROR:process_reader_win.cc(233)] ReadMemory at 0x7ffb1ca60000 of 64 bytes failed: Seule une partie d’une requête ReadProcessMemory ou WriteProcessMemory a été effectuée. (0x12B)
[0622/112942.736:WARNING:pe_image_reader.cc(281)] could not read dos header from C:\WINDOWS\SYSTEM32\Secur32.dll
[0622/112942.736:ERROR:process_reader_win.cc(233)] ReadMemory at 0x7ffb18c80000 of 64 bytes failed: Seule une partie d’une requête ReadProcessMemory ou WriteProcessMemory a été effectuée. (0x12B)
[0622/112942.736:WARNING:pe_image_reader.cc(281)] could not read dos header from C:\WINDOWS\SYSTEM32\DWrite.dll
[0622/112942.736:ERROR:process_reader_win.cc(233)] ReadMemory at 0x7ffb1eca0000 of 64 bytes failed: Seule une partie d’une requête ReadProcessMemory ou WriteProcessMemory a été effectuée. (0x12B)
[0622/112942.736:WARNING:pe_image_reader.cc(281)] could not read dos header from C:\WINDOWS\System32\MSASN1.dll
[0622/112942.736:ERROR:process_reader_win.cc(233)] ReadMemory at 0x7ffb1f110000 of 64 bytes failed: Seule une partie d’une requête ReadProcessMemory ou WriteProcessMemory a été effectuée. (0x12B)
[0622/112942.736:WARNING:pe_image_reader.cc(281)] could not read dos header from C:\WINDOWS\System32\CRYPT32.dll
[0622/112942.736:ERROR:process_reader_win.cc(233)] ReadMemory at 0x7ffb1f3e0000 of 64 bytes failed: Seule une partie d’une requête ReadProcessMemory ou WriteProcessMemory a été effectuée. (0x12B)
[0622/112942.736:WARNING:pe_image_reader.cc(281)] could not read dos header from C:\WINDOWS\System32\WINTRUST.dll
[0622/112942.736:ERROR:process_reader_win.cc(233)] ReadMemory at 0x7ffae5f80000 of 64 bytes failed: Seule une partie d’une requête ReadProcessMemory ou WriteProcessMemory a été effectuée. (0x12B)
[0622/112942.736:WARNING:pe_image_reader.cc(281)] could not read dos header from C:\Program Files (x86)\Google\Chrome\Application\58.0.3029.110\chrome_child.dll
[0622/112942.736:ERROR:process_reader_win.cc(233)] ReadMemory at 0x7ff7d0170000 of 64 bytes failed: Seule une partie d’une requête ReadProcessMemory ou WriteProcessMemory a été effectuée. (0x12B)
[0622/112942.736:WARNING:pe_image_reader.cc(281)] could not read dos header from C:\Program Files (x86)\Google\Chrome\Application\chrome.exe
[0622/112942.736:ERROR:process_reader_win.cc(233)] ReadMemory at 0x7ffb22850000 of 64 bytes failed: Seule une partie d’une requête ReadProcessMemory ou WriteProcessMemory a été effectuée. (0x12B)
[0622/112942.736:WARNING:pe_image_reader.cc(281)] could not read dos header from C:\WINDOWS\SYSTEM32\ntdll.dll
[0622/112942.736:ERROR:process_reader_win.cc(233)] ReadMemory at 0x7ffb1ed30000 of 64 bytes failed: Seule une partie d’une requête ReadProcessMemory ou WriteProcessMemory a été effectuée. (0x12B)
[0622/112942.736:WARNING:pe_image_reader.cc(281)] could not read dos header from C:\WINDOWS\System32\KERNELBASE.dll
[0622/112942.736:ERROR:process_reader_win.cc(233)] ReadMemory at 0x7ffb20510000 of 64 bytes failed: Seule une partie d’une requête ReadProcessMemory ou WriteProcessMemory a été effectuée. (0x12B)
[0622/112942.736:WARNING:pe_image_reader.cc(281)] could not read dos header from C:\WINDOWS\System32\KERNEL32.DLL
[0622/112942.736:ERROR:process_reader_win.cc(233)] ReadMemory at 0x7ffb1cac0000 of 64 bytes failed: Seule une partie d’une requête ReadProcessMemory ou WriteProcessMemory a été effectuée. (0x12B)
[0622/112942.736:WARNING:pe_image_reader.cc(281)] could not read dos header from C:\WINDOWS\system32\apphelp.dll
[0622/112942.736:ERROR:process_reader_win.cc(233)] ReadMemory at 0x7ffb1a000000 of 64 bytes failed: Seule une partie d’une requête ReadProcessMemory ou WriteProcessMemory a été effectuée. (0x12B)
[0622/112942.736:WARNING:pe_image_reader.cc(281)] could not read dos header from C:\WINDOWS\AppPatch\AppPatch64\AcGenral.dll
[0622/112942.736:ERROR:process_reader_win.cc(233)] ReadMemory at 0x7ffb22670000 of 64 bytes failed: Seule une partie d’une requête ReadProcessMemory ou WriteProcessMemory a été effectuée. (0x12B)
[0622/112942.736:WARNING:pe_image_reader.cc(281)] could not read dos header from C:\WINDOWS\System32\msvcrt.dll
[0622/112942.736:ERROR:process_reader_win.cc(233)] ReadMemory at 0x7ffb203c0000 of 64 bytes failed: Seule une partie d’une requête ReadProcessMemory ou WriteProcessMemory a été effectuée. (0x12B)
[0622/112942.736:WARNING:pe_image_reader.cc(281)] could not read dos header from C:\WINDOWS\System32\RPCRT4.dll
[0622/112942.736:ERROR:process_reader_win.cc(233)] ReadMemory at 0x7ffb225a0000 of 64 bytes failed: Seule une partie d’une requête ReadProcessMemory ou WriteProcessMemory a été effectuée. (0x12B)
[0622/112942.736:WARNING:pe_image_reader.cc(281)] could not read dos header from C:\WINDOWS\System32\sechost.dll
[0622/112942.736:ERROR:process_reader_win.cc(233)] ReadMemory at 0x7ffb1e930000 of 64 bytes failed: Seule une partie d’une requête ReadProcessMemory ou WriteProcessMemory a été effectuée. (0x12B)
[0622/112942.736:WARNING:pe_image_reader.cc(281)] could not read dos header from C:\WINDOWS\SYSTEM32\SspiCli.dll
[0622/112942.736:ERROR:process_reader_win.cc(233)] ReadMemory at 0x7ffb1f2e0000 of 64 bytes failed: Seule une partie d’une requête ReadProcessMemory ou WriteProcessMemory a été effectuée. (0x12B)
[0622/112942.736:WARNING:pe_image_reader.cc(281)] could not read dos header from C:\WINDOWS\System32\ucrtbase.dll
[0622/112942.736:ERROR:process_reader_win.cc(233)] ReadMemory at 0x7ffb1fca0000 of 64 bytes failed: Seule une partie d’une requête ReadProcessMemory ou WriteProcessMemory a été effectuée. (0x12B)
[0622/112942.736:WARNING:pe_image_reader.cc(281)] could not read dos header from C:\WINDOWS\System32\bcryptPrimitives.dll
[0622/112942.736:ERROR:process_reader_win.cc(233)] ReadMemory at 0x7ffb200f0000 of 64 bytes failed: Seule une partie d’une requête ReadProcessMemory ou WriteProcessMemory a été effectuée. (0x12B)
[0622/112942.736:WARNING:pe_image_reader.cc(281)] could not read dos header from C:\WINDOWS\System32\combase.dll
[0622/112942.736:ERROR:process_reader_win.cc(233)] ReadMemory at 0x7ffb1efa0000 of 64 bytes failed: Seule une partie d’une requête ReadProcessMemory ou WriteProcessMemory a été effectuée. (0x12B)
[0622/112942.736:WARNING:pe_image_reader.cc(281)] could not read dos header from C:\WINDOWS\System32\win32u.dll
[0622/112942.736:ERROR:process_reader_win.cc(233)] ReadMemory at 0x7ffb22240000 of 64 bytes failed: Seule une partie d’une requête ReadProcessMemory ou WriteProcessMemory a été effectuée. (0x12B)
[0622/112942.736:WARNING:pe_image_reader.cc(281)] could not read dos header from C:\WINDOWS\System32\USER32.dll
[0622/112942.736:ERROR:process_reader_win.cc(233)] ReadMemory at 0x7ffb1f440000 of 64 bytes failed: Seule une partie d’une requête ReadProcessMemory ou WriteProcessMemory a été effectuée. (0x12B)
[0622/112942.736:WARNING:pe_image_reader.cc(281)] could not read dos header from C:\WINDOWS\System32\gdi32full.dll
[0622/112942.736:ERROR:process_reader_win.cc(233)] ReadMemory at 0x7ffb223b0000 of 64 bytes failed: Seule une partie d’une requête ReadProcessMemory ou WriteProcessMemory a été effectuée. (0x12B)
[0622/112942.736:WARNING:pe_image_reader.cc(281)] could not read dos header from C:\WINDOWS\System32\GDI32.dll
[0622/112942.736:ERROR:process_reader_win.cc(233)] ReadMemory at 0x253296a0000 of 64 bytes failed: Seule une partie d’une requête ReadProcessMemory ou WriteProcessMemory a été effectuée. (0x12B)
[0622/112942.736:WARNING:pe_image_reader.cc(281)] could not read dos header from C:\WINDOWS\System32\IMM32.DLL
[0622/112942.736:ERROR:process_reader_win.cc(233)] ReadMemory at 0x7ffb20020000 of 64 bytes failed: Seule une partie d’une requête ReadProcessMemory ou WriteProcessMemory a été effectuée. (0x12B)
[0622/112942.736:WARNING:pe_image_reader.cc(281)] could not read dos header from C:\WINDOWS\System32\SHLWAPI.dll
[0622/112942.736:ERROR:process_reader_win.cc(233)] ReadMemory at 0x7ffb22710000 of 64 bytes failed: Seule une partie d’une requête ReadProcessMemory ou WriteProcessMemory a été effectuée. (0x12B)
[0622/112942.736:WARNING:pe_image_reader.cc(281)] could not read dos header from C:\WINDOWS\System32\ole32.dll
[0622/112942.736:ERROR:process_reader_win.cc(233)] ReadMemory at 0x7ffb1ef50000 of 64 bytes failed: Seule une partie d’une requête ReadProcessMemory ou WriteProcessMemory a été effectuée. (0x12B)
[0622/112942.736:WARNING:pe_image_reader.cc(281)] could not read dos header from C:\WINDOWS\System32\cfgmgr32.dll
[0622/112942.736:ERROR:process_reader_win.cc(233)] ReadMemory at 0x7ffb1ecd0000 of 64 bytes failed: Seule une partie d’une requête ReadProcessMemory ou WriteProcessMemory a été effectuée. (0x12B)
[0622/112942.736:WARNING:pe_image_reader.cc(281)] could not read dos header from C:\WINDOWS\System32\powrprof.dll
[0622/112942.736:ERROR:process_reader_win.cc(233)] ReadMemory at 0x7ffb224e0000 of 64 bytes failed: Seule une partie d’une requête ReadProcessMemory ou WriteProcessMemory a été effectuée. (0x12B)
[0622/112942.736:WARNING:pe_image_reader.cc(281)] could not read dos header from C:\WINDOWS\System32\advapi32.dll
[0622/112942.736:ERROR:process_reader_win.cc(233)] ReadMemory at 0x7ffb1ed20000 of 64 bytes failed: Seule une partie d’une requête ReadProcessMemory ou WriteProcessMemory a été effectuée. (0x12B)
[0622/112942.736:WARNING:pe_image_reader.cc(281)] could not read dos header from C:\WINDOWS\System32\kernel.appcore.dll
[0622/112942.736:ERROR:process_reader_win.cc(233)] ReadMemory at 0x7ffb1f060000 of 64 bytes failed: Seule une partie d’une requête ReadProcessMemory ou WriteProcessMemory a été effectuée. (0x12B)
[0622/112942.736:WARNING:pe_image_reader.cc(281)] could not read dos header from C:\WINDOWS\System32\shcore.dll
[0622/112942.736:ERROR:process_reader_win.cc(233)] ReadMemory at 0x7ffb1ecb0000 of 64 bytes failed: Seule une partie d’une requête ReadProcessMemory ou WriteProcessMemory a été effectuée. (0x12B)
[0622/112942.736:WARNING:pe_image_reader.cc(281)] could not read dos header from C:\WINDOWS\System32\profapi.dll
[0622/112942.736:ERROR:process_reader_win.cc(233)] ReadMemory at 0x7ffb1f5c0000 of 64 bytes failed: Seule une partie d’une requête ReadProcessMemory ou WriteProcessMemory a été effectuée. (0x12B)
[0622/112942.736:WARNING:pe_image_reader.cc(281)] could not read dos header from C:\WINDOWS\System32\windows.storage.dll
[0622/112942.736:ERROR:process_reader_win.cc(233)] ReadMemory at 0x7ffb20900000 of 64 bytes failed: Seule une partie d’une requête ReadProcessMemory ou WriteProcessMemory a été effectuée. (0x12B)
[0622/112942.736:WARNING:pe_image_reader.cc(281)] could not read dos header from C:\WINDOWS\System32\SHELL32.dll
[0622/112942.736:ERROR:process_reader_win.cc(233)] ReadMemory at 0x7ffb1e3f0000 of 64 bytes failed: Seule une partie d’une requête ReadProcessMemory ou WriteProcessMemory a été effectuée. (0x12B)
[0622/112942.736:WARNING:pe_image_reader.cc(281)] could not read dos header from C:\WINDOWS\SYSTEM32\USERENV.dll
[0622/112942.736:ERROR:process_reader_win.cc(233)] ReadMemory at 0x7ffb1a750000 of 64 bytes failed: Seule une partie d’une requête ReadProcessMemory ou WriteProcessMemory a été effectuée. (0x12B)
[0622/112942.736:WARNING:pe_image_reader.cc(281)] could not read dos header from C:\WINDOWS\SYSTEM32\MPR.dll
[0622/112942.736:ERROR:process_reader_win.cc(233)] ReadMemory at 0x7ffb11c90000 of 64 bytes failed: Seule une partie d’une requête ReadProcessMemory ou WriteProcessMemory a été effectuée. (0x12B)
[0622/112942.736:WARNING:pe_image_reader.cc(281)] could not read dos header from C:\WINDOWS\SYSTEM32\VERSION.dll
[0622/112942.736:ERROR:process_reader_win.cc(233)] ReadMemory at 0x7ffb09bf0000 of 64 bytes failed: Seule une partie d’une requête ReadProcessMemory ou WriteProcessMemory a été effectuée. (0x12B)
[0622/112942.736:WARNING:pe_image_reader.cc(281)] could not read dos header from C:\Program Files (x86)\Google\Chrome\Application\58.0.3029.110\chrome_elf.dll
[0622/112942.736:ERROR:process_reader_win.cc(233)] ReadMemory at 0x7ffb224c0000 of 64 bytes failed: Seule une partie d’une requête ReadProcessMemory ou WriteProcessMemory a été effectuée. (0x12B)
[0622/112942.736:WARNING:pe_image_reader.cc(281)] could not read dos header from C:\WINDOWS\System32\PSAPI.DLL
[0622/112942.736:ERROR:process_reader_win.cc(233)] ReadMemory at 0x7ffb1b890000 of 64 bytes failed: Seule une partie d’une requête ReadProcessMemory ou WriteProcessMemory a été effectuée. (0x12B)
[0622/112942.736:WARNING:pe_image_reader.cc(281)] could not read dos header from C:\WINDOWS\SYSTEM32\WINMMBASE.dll
[0622/112942.736:ERROR:process_reader_win.cc(233)] ReadMemory at 0x7ffb1b8c0000 of 64 bytes failed: Seule une partie d’une requête ReadProcessMemory ou WriteProcessMemory a été effectuée. (0x12B)
[0622/112942.736:WARNING:pe_image_reader.cc(281)] could not read dos header from C:\WINDOWS\SYSTEM32\WINMM.dll
[0622/112942.736:ERROR:process_reader_win.cc(233)] ReadMemory at 0x7ffb1c440000 of 64 bytes failed: Seule une partie d’une requête ReadProcessMemory ou WriteProcessMemory a été effectuée. (0x12B)
[0622/112942.736:WARNING:pe_image_reader.cc(281)] could not read dos header from C:\WINDOWS\SYSTEM32\WINHTTP.dll
[0622/112942.736:ERROR:process_reader_win.cc(233)] ReadMemory at 0x7ffb1e730000 of 64 bytes failed: Seule une partie d’une requête ReadProcessMemory ou WriteProcessMemory a été effectuée. (0x12B)
[0622/112942.736:WARNING:pe_image_reader.cc(281)] could not read dos header from C:\WINDOWS\SYSTEM32\CRYPTBASE.DLL
[0622/112942.736:ERROR:process_reader_win.cc(233)] ReadMemory at 0x7ffb1efc0000 of 64 bytes failed: Seule une partie d’une requête ReadProcessMemory ou WriteProcessMemory a été effectuée. (0x12B)
[0622/112942.736:WARNING:pe_image_reader.cc(281)] could not read dos header from C:\WINDOWS\System32\msvcp_win.dll
[0622/112942.736:ERROR:process_reader_win.cc(233)] ReadMemory at 0x7ffb1ff60000 of 64 bytes failed: Seule une partie d’une requête ReadProcessMemory ou WriteProcessMemory a été effectuée. (0x12B)
[0622/112942.736:WARNING:pe_image_reader.cc(281)] could not read dos header from C:\WINDOWS\System32\OLEAUT32.dll
[0622/112942.736:ERROR:process_reader_win.cc(233)] ReadMemory at 0x7ffb15c50000 of 64 bytes failed: Seule une partie d’une requête ReadProcessMemory ou WriteProcessMemory a été effectuée. (0x12B)
[0622/112942.736:WARNING:pe_image_reader.cc(281)] could not read dos header from C:\WINDOWS\SYSTEM32\ninput.dll
[0622/112942.736:ERROR:process_reader_win.cc(233)] ReadMemory at 0x7ffb22600000 of 64 bytes failed: Seule une partie d’une requête ReadProcessMemory ou WriteProcessMemory a été effectuée. (0x12B)
[0622/112942.736:WARNING:pe_image_reader.cc(281)] could not read dos header from C:\WINDOWS\System32\WS2_32.dll
[0622/112942.736:ERROR:process_reader_win.cc(233)] ReadMemory at 0x7ffb10e80000 of 64 bytes failed: Seule une partie d’une requête ReadProcessMemory ou WriteProcessMemory a été effectuée. (0x12B)
[0622/112942.736:WARNING:pe_image_reader.cc(281)] could not read dos header from C:\WINDOWS\WinSxS\amd64_microsoft.windows.common-controls_6595b64144ccf1df_6.0.14393.953_none_42151e83c686086b\COMCTL32.dll
[0622/112942.736:ERROR:process_reader_win.cc(233)] ReadMemory at 0x7ffb207a0000 of 64 bytes failed: Seule une partie d’une requête ReadProcessMemory ou WriteProcessMemory a été effectuée. (0x12B)
[0622/112942.736:WARNING:pe_image_reader.cc(281)] could not read dos header from C:\WINDOWS\System32\COMDLG32.dll
[0622/112942.736:ERROR:process_reader_win.cc(233)] ReadMemory at 0x7ffb1a5b0000 of 64 bytes failed: Seule une partie d’une requête ReadProcessMemory ou WriteProcessMemory a été effectuée. (0x12B)
[0622/112942.736:WARNING:pe_image_reader.cc(281)] could not read dos header from C:\WINDOWS\SYSTEM32\dbghelp.dll
[0622/112942.736:ERROR:process_reader_win.cc(233)] ReadMemory at 0x7ffb20780000 of 64 bytes failed: Seule une partie d’une requête ReadProcessMemory ou WriteProcessMemory a été effectuée. (0x12B)
[0622/112942.736:WARNING:pe_image_reader.cc(281)] could not read dos header from C:\WINDOWS\System32\USP10.dll
[0622/112942.736:ERROR:process_reader_win.cc(233)] ReadMemory at 0x7ffb1ebe0000 of 64 bytes failed: Seule une partie d’une requête ReadProcessMemory ou WriteProcessMemory a été effectuée. (0x12B)
[0622/112942.736:WARNING:pe_image_reader.cc(281)] could not read dos header from C:\WINDOWS\SYSTEM32\bcrypt.dll
[0622/112942.736:ERROR:process_reader_win.cc(233)] ReadMemory at 0x7ffb16640000 of 64 bytes failed: Seule une partie d’une requête ReadProcessMemory ou WriteProcessMemory a été effectuée. (0x12B)
[0622/112942.736:WARNING:pe_image_reader.cc(281)] could not read dos header from C:\WINDOWS\SYSTEM32\WINSPOOL.DRV
[0622/112942.736:ERROR:process_reader_win.cc(233)] ReadMemory at 0x7ffb1e2f0000 of 64 bytes failed: Seule une partie d’une requête ReadProcessMemory ou WriteProcessMemory a été effectuée. (0x12B)
[0622/112942.736:WARNING:pe_image_reader.cc(281)] could not read dos header from C:\WINDOWS\SYSTEM32\IPHLPAPI.DLL
[0622/112942.736:ERROR:process_reader_win.cc(233)] ReadMemory at 0x7ffb1ca60000 of 64 bytes failed: Seule une partie d’une requête ReadProcessMemory ou WriteProcessMemory a été effectuée. (0x12B)
[0622/112942.736:WARNING:pe_image_reader.cc(281)] could not read dos header from C:\WINDOWS\SYSTEM32\Secur32.dll
[0622/112942.736:ERROR:process_reader_win.cc(233)] ReadMemory at 0x7ffb18c80000 of 64 bytes failed: Seule une partie d’une requête ReadProcessMemory ou WriteProcessMemory a été effectuée. (0x12B)
[0622/112942.736:WARNING:pe_image_reader.cc(281)] could not read dos header from C:\WINDOWS\SYSTEM32\DWrite.dll
[0622/112942.736:ERROR:process_reader_win.cc(233)] ReadMemory at 0x7ffb1eca0000 of 64 bytes failed: Seule une partie d’une requête ReadProcessMemory ou WriteProcessMemory a été effectuée. (0x12B)
[0622/112942.736:WARNING:pe_image_reader.cc(281)] could not read dos header from C:\WINDOWS\System32\MSASN1.dll
[0622/112942.736:ERROR:process_reader_win.cc(233)] ReadMemory at 0x7ffb1f110000 of 64 bytes failed: Seule une partie d’une requête ReadProcessMemory ou WriteProcessMemory a été effectuée. (0x12B)
[0622/112942.736:WARNING:pe_image_reader.cc(281)] could not read dos header from C:\WINDOWS\System32\CRYPT32.dll
[0622/112942.736:ERROR:process_reader_win.cc(233)] ReadMemory at 0x7ffb1f3e0000 of 64 bytes failed: Seule une partie d’une requête ReadProcessMemory ou WriteProcessMemory a été effectuée. (0x12B)
[0622/112942.736:WARNING:pe_image_reader.cc(281)] could not read dos header from C:\WINDOWS\System32\WINTRUST.dll
[0622/112942.736:ERROR:process_reader_win.cc(233)] ReadMemory at 0x7ffae5f80000 of 64 bytes failed: Seule une partie d’une requête ReadProcessMemory ou WriteProcessMemory a été effectuée. (0x12B)
[0622/112942.736:WARNING:pe_image_reader.cc(281)] could not read dos header from C:\Program Files (x86)\Google\Chrome\Application\58.0.3029.110\chrome_child.dll
[0622/112942.767:ERROR:process_reader_win.cc(233)] ReadMemory at 0x7ff7d0170000 of 64 bytes failed: Seule une partie d’une requête ReadProcessMemory ou WriteProcessMemory a été effectuée. (0x12B)
[0622/112942.767:WARNING:pe_image_reader.cc(281)] could not read dos header from C:\Program Files (x86)\Google\Chrome\Application\chrome.exe
[0622/112942.767:ERROR:process_reader_win.cc(233)] ReadMemory at 0x7ffb22850000 of 64 bytes failed: Seule une partie d’une requête ReadProcessMemory ou WriteProcessMemory a été effectuée. (0x12B)
[0622/112942.767:WARNING:pe_image_reader.cc(281)] could not read dos header from C:\WINDOWS\SYSTEM32\ntdll.dll
[0622/112942.767:ERROR:process_reader_win.cc(233)] ReadMemory at 0x7ffb1ed30000 of 64 bytes failed: Seule une partie d’une requête ReadProcessMemory ou WriteProcessMemory a été effectuée. (0x12B)
[0622/112942.767:WARNING:pe_image_reader.cc(281)] could not read dos header from C:\WINDOWS\System32\KERNELBASE.dll
[0622/112942.767:ERROR:process_reader_win.cc(233)] ReadMemory at 0x7ffb20510000 of 64 bytes failed: Seule une partie d’une requête ReadProcessMemory ou WriteProcessMemory a été effectuée. (0x12B)
[0622/112942.767:WARNING:pe_image_reader.cc(281)] could not read dos header from C:\WINDOWS\System32\KERNEL32.DLL
[0622/112942.767:ERROR:process_reader_win.cc(233)] ReadMemory at 0x7ffb1cac0000 of 64 bytes failed: Seule une partie d’une requête ReadProcessMemory ou WriteProcessMemory a été effectuée. (0x12B)
[0622/112942.767:WARNING:pe_image_reader.cc(281)] could not read dos header from C:\WINDOWS\system32\apphelp.dll
[0622/112942.767:ERROR:process_reader_win.cc(233)] ReadMemory at 0x7ffb1a000000 of 64 bytes failed: Seule une partie d’une requête ReadProcessMemory ou WriteProcessMemory a été effectuée. (0x12B)
[0622/112942.767:WARNING:pe_image_reader.cc(281)] could not read dos header from C:\WINDOWS\AppPatch\AppPatch64\AcGenral.dll
[0622/112942.767:ERROR:process_reader_win.cc(233)] ReadMemory at 0x7ffb22670000 of 64 bytes failed: Seule une partie d’une requête ReadProcessMemory ou WriteProcessMemory a été effectuée. (0x12B)
[0622/112942.767:WARNING:pe_image_reader.cc(281)] could not read dos header from C:\WINDOWS\System32\msvcrt.dll
[0622/112942.767:ERROR:process_reader_win.cc(233)] ReadMemory at 0x7ffb203c0000 of 64 bytes failed: Seule une partie d’une requête ReadProcessMemory ou WriteProcessMemory a été effectuée. (0x12B)
[0622/112942.767:WARNING:pe_image_reader.cc(281)] could not read dos header from C:\WINDOWS\System32\RPCRT4.dll
[0622/112942.767:ERROR:process_reader_win.cc(233)] ReadMemory at 0x7ffb225a0000 of 64 bytes failed: Seule une partie d’une requête ReadProcessMemory ou WriteProcessMemory a été effectuée. (0x12B)
[0622/112942.767:WARNING:pe_image_reader.cc(281)] could not read dos header from C:\WINDOWS\System32\sechost.dll
[0622/112942.767:ERROR:process_reader_win.cc(233)] ReadMemory at 0x7ffb1e930000 of 64 bytes failed: Seule une partie d’une requête ReadProcessMemory ou WriteProcessMemory a été effectuée. (0x12B)
[0622/112942.767:WARNING:pe_image_reader.cc(281)] could not read dos header from C:\WINDOWS\SYSTEM32\SspiCli.dll
[0622/112942.767:ERROR:process_reader_win.cc(233)] ReadMemory at 0x7ffb1f2e0000 of 64 bytes failed: Seule une partie d’une requête ReadProcessMemory ou WriteProcessMemory a été effectuée. (0x12B)
[0622/112942.767:WARNING:pe_image_reader.cc(281)] could not read dos header from C:\WINDOWS\System32\ucrtbase.dll
[0622/112942.767:ERROR:process_reader_win.cc(233)] ReadMemory at 0x7ffb1fca0000 of 64 bytes failed: Seule une partie d’une requête ReadProcessMemory ou WriteProcessMemory a été effectuée. (0x12B)
[0622/112942.767:WARNING:pe_image_reader.cc(281)] could not read dos header from C:\WINDOWS\System32\bcryptPrimitives.dll
[0622/112942.767:ERROR:process_reader_win.cc(233)] ReadMemory at 0x7ffb200f0000 of 64 bytes failed: Seule une partie d’une requête ReadProcessMemory ou WriteProcessMemory a été effectuée. (0x12B)
[0622/112942.767:WARNING:pe_image_reader.cc(281)] could not read dos header from C:\WINDOWS\System32\combase.dll
[0622/112942.767:ERROR:process_reader_win.cc(233)] ReadMemory at 0x7ffb1efa0000 of 64 bytes failed: Seule une partie d’une requête ReadProcessMemory ou WriteProcessMemory a été effectuée. (0x12B)
[0622/112942.767:WARNING:pe_image_reader.cc(281)] could not read dos header from C:\WINDOWS\System32\win32u.dll
[0622/112942.767:ERROR:process_reader_win.cc(233)] ReadMemory at 0x7ffb22240000 of 64 bytes failed: Seule une partie d’une requête ReadProcessMemory ou WriteProcessMemory a été effectuée. (0x12B)
[0622/112942.767:WARNING:pe_image_reader.cc(281)] could not read dos header from C:\WINDOWS\System32\USER32.dll
[0622/112942.767:ERROR:process_reader_win.cc(233)] ReadMemory at 0x7ffb1f440000 of 64 bytes failed: Seule une partie d’une requête ReadProcessMemory ou WriteProcessMemory a été effectuée. (0x12B)
[0622/112942.767:WARNING:pe_image_reader.cc(281)] could not read dos header from C:\WINDOWS\System32\gdi32full.dll
[0622/112942.767:ERROR:process_reader_win.cc(233)] ReadMemory at 0x7ffb223b0000 of 64 bytes failed: Seule une partie d’une requête ReadProcessMemory ou WriteProcessMemory a été effectuée. (0x12B)
[0622/112942.767:WARNING:pe_image_reader.cc(281)] could not read dos header from C:\WINDOWS\System32\GDI32.dll
[0622/112942.767:ERROR:process_reader_win.cc(233)] ReadMemory at 0x253296a0000 of 64 bytes failed: Seule une partie d’une requête ReadProcessMemory ou WriteProcessMemory a été effectuée. (0x12B)
[0622/112942.767:WARNING:pe_image_reader.cc(281)] could not read dos header from C:\WINDOWS\System32\IMM32.DLL
[0622/112942.767:ERROR:process_reader_win.cc(233)] ReadMemory at 0x7ffb20020000 of 64 bytes failed: Seule une partie d’une requête ReadProcessMemory ou WriteProcessMemory a été effectuée. (0x12B)
[0622/112942.767:WARNING:pe_image_reader.cc(281)] could not read dos header from C:\WINDOWS\System32\SHLWAPI.dll
[0622/112942.767:ERROR:process_reader_win.cc(233)] ReadMemory at 0x7ffb22710000 of 64 bytes failed: Seule une partie d’une requête ReadProcessMemory ou WriteProcessMemory a été effectuée. (0x12B)
[0622/112942.767:WARNING:pe_image_reader.cc(281)] could not read dos header from C:\WINDOWS\System32\ole32.dll
[0622/112942.767:ERROR:process_reader_win.cc(233)] ReadMemory at 0x7ffb1ef50000 of 64 bytes failed: Seule une partie d’une requête ReadProcessMemory ou WriteProcessMemory a été effectuée. (0x12B)
[0622/112942.767:WARNING:pe_image_reader.cc(281)] could not read dos header from C:\WINDOWS\System32\cfgmgr32.dll
[0622/112942.767:ERROR:process_reader_win.cc(233)] ReadMemory at 0x7ffb1ecd0000 of 64 bytes failed: Seule une partie d’une requête ReadProcessMemory ou WriteProcessMemory a été effectuée. (0x12B)
[0622/112942.767:WARNING:pe_image_reader.cc(281)] could not read dos header from C:\WINDOWS\System32\powrprof.dll
[0622/112942.767:ERROR:process_reader_win.cc(233)] ReadMemory at 0x7ffb224e0000 of 64 bytes failed: Seule une partie d’une requête ReadProcessMemory ou WriteProcessMemory a été effectuée. (0x12B)
[0622/112942.767:WARNING:pe_image_reader.cc(281)] could not read dos header from C:\WINDOWS\System32\advapi32.dll
[0622/112942.767:ERROR:process_reader_win.cc(233)] ReadMemory at 0x7ffb1ed20000 of 64 bytes failed: Seule une partie d’une requête ReadProcessMemory ou WriteProcessMemory a été effectuée. (0x12B)
[0622/112942.767:WARNING:pe_image_reader.cc(281)] could not read dos header from C:\WINDOWS\System32\kernel.appcore.dll
[0622/112942.767:ERROR:process_reader_win.cc(233)] ReadMemory at 0x7ffb1f060000 of 64 bytes failed: Seule une partie d’une requête ReadProcessMemory ou WriteProcessMemory a été effectuée. (0x12B)
[0622/112942.767:WARNING:pe_image_reader.cc(281)] could not read dos header from C:\WINDOWS\System32\shcore.dll
[0622/112942.767:ERROR:process_reader_win.cc(233)] ReadMemory at 0x7ffb1ecb0000 of 64 bytes failed: Seule une partie d’une requête ReadProcessMemory ou WriteProcessMemory a été effectuée. (0x12B)
[0622/112942.767:WARNING:pe_image_reader.cc(281)] could not read dos header from C:\WINDOWS\System32\profapi.dll
[0622/112942.767:ERROR:process_reader_win.cc(233)] ReadMemory at 0x7ffb1f5c0000 of 64 bytes failed: Seule une partie d’une requête ReadProcessMemory ou WriteProcessMemory a été effectuée. (0x12B)
[0622/112942.767:WARNING:pe_image_reader.cc(281)] could not read dos header from C:\WINDOWS\System32\windows.storage.dll
[0622/112942.767:ERROR:process_reader_win.cc(233)] ReadMemory at 0x7ffb20900000 of 64 bytes failed: Seule une partie d’une requête ReadProcessMemory ou WriteProcessMemory a été effectuée. (0x12B)
[0622/112942.767:WARNING:pe_image_reader.cc(281)] could not read dos header from C:\WINDOWS\System32\SHELL32.dll
[0622/112942.767:ERROR:process_reader_win.cc(233)] ReadMemory at 0x7ffb1e3f0000 of 64 bytes failed: Seule une partie d’une requête ReadProcessMemory ou WriteProcessMemory a été effectuée. (0x12B)
[0622/112942.767:WARNING:pe_image_reader.cc(281)] could not read dos header from C:\WINDOWS\SYSTEM32\USERENV.dll
[0622/112942.767:ERROR:process_reader_win.cc(233)] ReadMemory at 0x7ffb1a750000 of 64 bytes failed: Seule une partie d’une requête ReadProcessMemory ou WriteProcessMemory a été effectuée. (0x12B)
[0622/112942.767:WARNING:pe_image_reader.cc(281)] could not read dos header from C:\WINDOWS\SYSTEM32\MPR.dll
[0622/112942.767:ERROR:process_reader_win.cc(233)] ReadMemory at 0x7ffb11c90000 of 64 bytes failed: Seule une partie d’une requête ReadProcessMemory ou WriteProcessMemory a été effectuée. (0x12B)
[0622/112942.767:WARNING:pe_image_reader.cc(281)] could not read dos header from C:\WINDOWS\SYSTEM32\VERSION.dll
[0622/112942.767:ERROR:process_reader_win.cc(233)] ReadMemory at 0x7ffb09bf0000 of 64 bytes failed: Seule une partie d’une requête ReadProcessMemory ou WriteProcessMemory a été effectuée. (0x12B)
[0622/112942.767:WARNING:pe_image_reader.cc(281)] could not read dos header from C:\Program Files (x86)\Google\Chrome\Application\58.0.3029.110\chrome_elf.dll
[0622/112942.767:ERROR:process_reader_win.cc(233)] ReadMemory at 0x7ffb224c0000 of 64 bytes failed: Seule une partie d’une requête ReadProcessMemory ou WriteProcessMemory a été effectuée. (0x12B)
[0622/112942.767:WARNING:pe_image_reader.cc(281)] could not read dos header from C:\WINDOWS\System32\PSAPI.DLL
[0622/112942.767:ERROR:process_reader_win.cc(233)] ReadMemory at 0x7ffb1b890000 of 64 bytes failed: Seule une partie d’une requête ReadProcessMemory ou WriteProcessMemory a été effectuée. (0x12B)
[0622/112942.767:WARNING:pe_image_reader.cc(281)] could not read dos header from C:\WINDOWS\SYSTEM32\WINMMBASE.dll
[0622/112942.767:ERROR:process_reader_win.cc(233)] ReadMemory at 0x7ffb1b8c0000 of 64 bytes failed: Seule une partie d’une requête ReadProcessMemory ou WriteProcessMemory a été effectuée. (0x12B)
[0622/112942.767:WARNING:pe_image_reader.cc(281)] could not read dos header from C:\WINDOWS\SYSTEM32\WINMM.dll
[0622/112942.767:ERROR:process_reader_win.cc(233)] ReadMemory at 0x7ffb1c440000 of 64 bytes failed: Seule une partie d’une requête ReadProcessMemory ou WriteProcessMemory a été effectuée. (0x12B)
[0622/112942.767:WARNING:pe_image_reader.cc(281)] could not read dos header from C:\WINDOWS\SYSTEM32\WINHTTP.dll
[0622/112942.767:ERROR:process_reader_win.cc(233)] ReadMemory at 0x7ffb1e730000 of 64 bytes failed: Seule une partie d’une requête ReadProcessMemory ou WriteProcessMemory a été effectuée. (0x12B)
[0622/112942.767:WARNING:pe_image_reader.cc(281)] could not read dos header from C:\WINDOWS\SYSTEM32\CRYPTBASE.DLL
[0622/112942.767:ERROR:process_reader_win.cc(233)] ReadMemory at 0x7ffb1efc0000 of 64 bytes failed: Seule une partie d’une requête ReadProcessMemory ou WriteProcessMemory a été effectuée. (0x12B)
[0622/112942.767:WARNING:pe_image_reader.cc(281)] could not read dos header from C:\WINDOWS\System32\msvcp_win.dll
[0622/112942.767:ERROR:process_reader_win.cc(233)] ReadMemory at 0x7ffb1ff60000 of 64 bytes failed: Seule une partie d’une requête ReadProcessMemory ou WriteProcessMemory a été effectuée. (0x12B)
[0622/112942.767:WARNING:pe_image_reader.cc(281)] could not read dos header from C:\WINDOWS\System32\OLEAUT32.dll
[0622/112942.767:ERROR:process_reader_win.cc(233)] ReadMemory at 0x7ffb15c50000 of 64 bytes failed: Seule une partie d’une requête ReadProcessMemory ou WriteProcessMemory a été effectuée. (0x12B)
[0622/112942.767:WARNING:pe_image_reader.cc(281)] could not read dos header from C:\WINDOWS\SYSTEM32\ninput.dll
[0622/112942.767:ERROR:process_reader_win.cc(233)] ReadMemory at 0x7ffb22600000 of 64 bytes failed: Seule une partie d’une requête ReadProcessMemory ou WriteProcessMemory a été effectuée. (0x12B)
[0622/112942.767:WARNING:pe_image_reader.cc(281)] could not read dos header from C:\WINDOWS\System32\WS2_32.dll
[0622/112942.767:ERROR:process_reader_win.cc(233)] ReadMemory at 0x7ffb10e80000 of 64 bytes failed: Seule une partie d’une requête ReadProcessMemory ou WriteProcessMemory a été effectuée. (0x12B)
[0622/112942.767:WARNING:pe_image_reader.cc(281)] could not read dos header from C:\WINDOWS\WinSxS\amd64_microsoft.windows.common-controls_6595b64144ccf1df_6.0.14393.953_none_42151e83c686086b\COMCTL32.dll
[0622/112942.767:ERROR:process_reader_win.cc(233)] ReadMemory at 0x7ffb207a0000 of 64 bytes failed: Seule une partie d’une requête ReadProcessMemory ou WriteProcessMemory a été effectuée. (0x12B)
[0622/112942.767:WARNING:pe_image_reader.cc(281)] could not read dos header from C:\WINDOWS\System32\COMDLG32.dll
[0622/112942.767:ERROR:process_reader_win.cc(233)] ReadMemory at 0x7ffb1a5b0000 of 64 bytes failed: Seule une partie d’une requête ReadProcessMemory ou WriteProcessMemory a été effectuée. (0x12B)
[0622/112942.767:WARNING:pe_image_reader.cc(281)] could not read dos header from C:\WINDOWS\SYSTEM32\dbghelp.dll
[0622/112942.767:ERROR:process_reader_win.cc(233)] ReadMemory at 0x7ffb20780000 of 64 bytes failed: Seule une partie d’une requête ReadProcessMemory ou WriteProcessMemory a été effectuée. (0x12B)
[0622/112942.767:WARNING:pe_image_reader.cc(281)] could not read dos header from C:\WINDOWS\System32\USP10.dll
[0622/112942.767:ERROR:process_reader_win.cc(233)] ReadMemory at 0x7ffb1ebe0000 of 64 bytes failed: Seule une partie d’une requête ReadProcessMemory ou WriteProcessMemory a été effectuée. (0x12B)
[0622/112942.767:WARNING:pe_image_reader.cc(281)] could not read dos header from C:\WINDOWS\SYSTEM32\bcrypt.dll
[0622/112942.767:ERROR:process_reader_win.cc(233)] ReadMemory at 0x7ffb16640000 of 64 bytes failed: Seule une partie d’une requête ReadProcessMemory ou WriteProcessMemory a été effectuée. (0x12B)
[0622/112942.767:WARNING:pe_image_reader.cc(281)] could not read dos header from C:\WINDOWS\SYSTEM32\WINSPOOL.DRV
[0622/112942.767:ERROR:process_reader_win.cc(233)] ReadMemory at 0x7ffb1e2f0000 of 64 bytes failed: Seule une partie d’une requête ReadProcessMemory ou WriteProcessMemory a été effectuée. (0x12B)
[0622/112942.767:WARNING:pe_image_reader.cc(281)] could not read dos header from C:\WINDOWS\SYSTEM32\IPHLPAPI.DLL
[0622/112942.767:ERROR:process_reader_win.cc(233)] ReadMemory at 0x7ffb1ca60000 of 64 bytes failed: Seule une partie d’une requête ReadProcessMemory ou WriteProcessMemory a été effectuée. (0x12B)
[0622/112942.767:WARNING:pe_image_reader.cc(281)] could not read dos header from C:\WINDOWS\SYSTEM32\Secur32.dll
[0622/112942.767:ERROR:process_reader_win.cc(233)] ReadMemory at 0x7ffb18c80000 of 64 bytes failed: Seule une partie d’une requête ReadProcessMemory ou WriteProcessMemory a été effectuée. (0x12B)
[0622/112942.767:WARNING:pe_image_reader.cc(281)] could not read dos header from C:\WINDOWS\SYSTEM32\DWrite.dll
[0622/112942.767:ERROR:process_reader_win.cc(233)] ReadMemory at 0x7ffb1eca0000 of 64 bytes failed: Seule une partie d’une requête ReadProcessMemory ou WriteProcessMemory a été effectuée. (0x12B)
[0622/112942.767:WARNING:pe_image_reader.cc(281)] could not read dos header from C:\WINDOWS\System32\MSASN1.dll
[0622/112942.767:ERROR:process_reader_win.cc(233)] ReadMemory at 0x7ffb1f110000 of 64 bytes failed: Seule une partie d’une requête ReadProcessMemory ou WriteProcessMemory a été effectuée. (0x12B)
[0622/112942.767:WARNING:pe_image_reader.cc(281)] could not read dos header from C:\WINDOWS\System32\CRYPT32.dll
[0622/112942.767:ERROR:process_reader_win.cc(233)] ReadMemory at 0x7ffb1f3e0000 of 64 bytes failed: Seule une partie d’une requête ReadProcessMemory ou WriteProcessMemory a été effectuée. (0x12B)
[0622/112942.767:WARNING:pe_image_reader.cc(281)] could not read dos header from C:\WINDOWS\System32\WINTRUST.dll
[0622/112942.767:ERROR:process_reader_win.cc(233)] ReadMemory at 0x7ffae5f80000 of 64 bytes failed: Seule une partie d’une requête ReadProcessMemory ou WriteProcessMemory a été effectuée. (0x12B)
[0622/112942.767:WARNING:pe_image_reader.cc(281)] could not read dos header from C:\Program Files (x86)\Google\Chrome\Application\58.0.3029.110\chrome_child.dll
[0622/112942.767:ERROR:process_reader_win.cc(233)] ReadMemory at 0x7ff7d0170000 of 64 bytes failed: Seule une partie d’une requête ReadProcessMemory ou WriteProcessMemory a été effectuée. (0x12B)
[0622/112942.767:WARNING:pe_image_reader.cc(281)] could not read dos header from C:\Program Files (x86)\Google\Chrome\Application\chrome.exe
[0622/112942.767:ERROR:process_reader_win.cc(233)] ReadMemory at 0x7ffb22850000 of 64 bytes failed: Seule une partie d’une requête ReadProcessMemory ou WriteProcessMemory a été effectuée. (0x12B)
[0622/112942.767:WARNING:pe_image_reader.cc(281)] could not read dos header from C:\WINDOWS\SYSTEM32\ntdll.dll
[0622/112942.767:ERROR:process_reader_win.cc(233)] ReadMemory at 0x7ffb1ed30000 of 64 bytes failed: Seule une partie d’une requête ReadProcessMemory ou WriteProcessMemory a été effectuée. (0x12B)
[0622/112942.767:WARNING:pe_image_reader.cc(281)] could not read dos header from C:\WINDOWS\System32\KERNELBASE.dll
[0622/112942.767:ERROR:process_reader_win.cc(233)] ReadMemory at 0x7ffb20510000 of 64 bytes failed: Seule une partie d’une requête ReadProcessMemory ou WriteProcessMemory a été effectuée. (0x12B)
[0622/112942.767:WARNING:pe_image_reader.cc(281)] could not read dos header from C:\WINDOWS\System32\KERNEL32.DLL
[0622/112942.767:ERROR:process_reader_win.cc(233)] ReadMemory at 0x7ffb1cac0000 of 64 bytes failed: Seule une partie d’une requête ReadProcessMemory ou WriteProcessMemory a été effectuée. (0x12B)
[0622/112942.767:WARNING:pe_image_reader.cc(281)] could not read dos header from C:\WINDOWS\system32\apphelp.dll
[0622/112942.767:ERROR:process_reader_win.cc(233)] ReadMemory at 0x7ffb1a000000 of 64 bytes failed: Seule une partie d’une requête ReadProcessMemory ou WriteProcessMemory a été effectuée. (0x12B)
[0622/112942.767:WARNING:pe_image_reader.cc(281)] could not read dos header from C:\WINDOWS\AppPatch\AppPatch64\AcGenral.dll
[0622/112942.767:ERROR:process_reader_win.cc(233)] ReadMemory at 0x7ffb22670000 of 64 bytes failed: Seule une partie d’une requête ReadProcessMemory ou WriteProcessMemory a été effectuée. (0x12B)
[0622/112942.767:WARNING:pe_image_reader.cc(281)] could not read dos header from C:\WINDOWS\System32\msvcrt.dll
[0622/112942.767:ERROR:process_reader_win.cc(233)] ReadMemory at 0x7ffb203c0000 of 64 bytes failed: Seule une partie d’une requête ReadProcessMemory ou WriteProcessMemory a été effectuée. (0x12B)
[0622/112942.767:WARNING:pe_image_reader.cc(281)] could not read dos header from C:\WINDOWS\System32\RPCRT4.dll
[0622/112942.767:ERROR:process_reader_win.cc(233)] ReadMemory at 0x7ffb225a0000 of 64 bytes failed: Seule une partie d’une requête ReadProcessMemory ou WriteProcessMemory a été effectuée. (0x12B)
[0622/112942.767:WARNING:pe_image_reader.cc(281)] could not read dos header from C:\WINDOWS\System32\sechost.dll
[0622/112942.767:ERROR:process_reader_win.cc(233)] ReadMemory at 0x7ffb1e930000 of 64 bytes failed: Seule une partie d’une requête ReadProcessMemory ou WriteProcessMemory a été effectuée. (0x12B)
[0622/112942.767:WARNING:pe_image_reader.cc(281)] could not read dos header from C:\WINDOWS\SYSTEM32\SspiCli.dll
[0622/112942.767:ERROR:process_reader_win.cc(233)] ReadMemory at 0x7ffb1f2e0000 of 64 bytes failed: Seule une partie d’une requête ReadProcessMemory ou WriteProcessMemory a été effectuée. (0x12B)
[0622/112942.767:WARNING:pe_image_reader.cc(281)] could not read dos header from C:\WINDOWS\System32\ucrtbase.dll
[0622/112942.767:ERROR:process_reader_win.cc(233)] ReadMemory at 0x7ffb1fca0000 of 64 bytes failed: Seule une partie d’une requête ReadProcessMemory ou WriteProcessMemory a été effectuée. (0x12B)
[0622/112942.767:WARNING:pe_image_reader.cc(281)] could not read dos header from C:\WINDOWS\System32\bcryptPrimitives.dll
[0622/112942.767:ERROR:process_reader_win.cc(233)] ReadMemory at 0x7ffb200f0000 of 64 bytes failed: Seule une partie d’une requête ReadProcessMemory ou WriteProcessMemory a été effectuée. (0x12B)
[0622/112942.767:WARNING:pe_image_reader.cc(281)] could not read dos header from C:\WINDOWS\System32\combase.dll
[0622/112942.767:ERROR:process_reader_win.cc(233)] ReadMemory at 0x7ffb1efa0000 of 64 bytes failed: Seule une partie d’une requête ReadProcessMemory ou WriteProcessMemory a été effectuée. (0x12B)
[0622/112942.767:WARNING:pe_image_reader.cc(281)] could not read dos header from C:\WINDOWS\System32\win32u.dll
[0622/112942.767:ERROR:process_reader_win.cc(233)] ReadMemory at 0x7ffb22240000 of 64 bytes failed: Seule une partie d’une requête ReadProcessMemory ou WriteProcessMemory a été effectuée. (0x12B)
[0622/112942.767:WARNING:pe_image_reader.cc(281)] could not read dos header from C:\WINDOWS\System32\USER32.dll
[0622/112942.767:ERROR:process_reader_win.cc(233)] ReadMemory at 0x7ffb1f440000 of 64 bytes failed: Seule une partie d’une requête ReadProcessMemory ou WriteProcessMemory a été effectuée. (0x12B)
[0622/112942.767:WARNING:pe_image_reader.cc(281)] could not read dos header from C:\WINDOWS\System32\gdi32full.dll
[0622/112942.767:ERROR:process_reader_win.cc(233)] ReadMemory at 0x7ffb223b0000 of 64 bytes failed: Seule une partie d’une requête ReadProcessMemory ou WriteProcessMemory a été effectuée. (0x12B)
[0622/112942.767:WARNING:pe_image_reader.cc(281)] could not read dos header from C:\WINDOWS\System32\GDI32.dll
[0622/112942.767:ERROR:process_reader_win.cc(233)] ReadMemory at 0x253296a0000 of 64 bytes failed: Seule une partie d’une requête ReadProcessMemory ou WriteProcessMemory a été effectuée. (0x12B)
[0622/112942.767:WARNING:pe_image_reader.cc(281)] could not read dos header from C:\WINDOWS\System32\IMM32.DLL
[0622/112942.767:ERROR:process_reader_win.cc(233)] ReadMemory at 0x7ffb20020000 of 64 bytes failed: Seule une partie d’une requête ReadProcessMemory ou WriteProcessMemory a été effectuée. (0x12B)
[0622/112942.767:WARNING:pe_image_reader.cc(281)] could not read dos header from C:\WINDOWS\System32\SHLWAPI.dll
[0622/112942.767:ERROR:process_reader_win.cc(233)] ReadMemory at 0x7ffb22710000 of 64 bytes failed: Seule une partie d’une requête ReadProcessMemory ou WriteProcessMemory a été effectuée. (0x12B)
[0622/112942.767:WARNING:pe_image_reader.cc(281)] could not read dos header from C:\WINDOWS\System32\ole32.dll
[0622/112942.767:ERROR:process_reader_win.cc(233)] ReadMemory at 0x7ffb1ef50000 of 64 bytes failed: Seule une partie d’une requête ReadProcessMemory ou WriteProcessMemory a été effectuée. (0x12B)
[0622/112942.767:WARNING:pe_image_reader.cc(281)] could not read dos header from C:\WINDOWS\System32\cfgmgr32.dll
[0622/112942.767:ERROR:process_reader_win.cc(233)] ReadMemory at 0x7ffb1ecd0000 of 64 bytes failed: Seule une partie d’une requête ReadProcessMemory ou WriteProcessMemory a été effectuée. (0x12B)
[0622/112942.767:WARNING:pe_image_reader.cc(281)] could not read dos header from C:\WINDOWS\System32\powrprof.dll
[0622/112942.767:ERROR:process_reader_win.cc(233)] ReadMemory at 0x7ffb224e0000 of 64 bytes failed: Seule une partie d’une requête ReadProcessMemory ou WriteProcessMemory a été effectuée. (0x12B)
[0622/112942.767:WARNING:pe_image_reader.cc(281)] could not read dos header from C:\WINDOWS\System32\advapi32.dll
[0622/112942.767:ERROR:process_reader_win.cc(233)] ReadMemory at 0x7ffb1ed20000 of 64 bytes failed: Seule une partie d’une requête ReadProcessMemory ou WriteProcessMemory a été effectuée. (0x12B)
[0622/112942.767:WARNING:pe_image_reader.cc(281)] could not read dos header from C:\WINDOWS\System32\kernel.appcore.dll
[0622/112942.767:ERROR:process_reader_win.cc(233)] ReadMemory at 0x7ffb1f060000 of 64 bytes failed: Seule une partie d’une requête ReadProcessMemory ou WriteProcessMemory a été effectuée. (0x12B)
[0622/112942.767:WARNING:pe_image_reader.cc(281)] could not read dos header from C:\WINDOWS\System32\shcore.dll
[0622/112942.767:ERROR:process_reader_win.cc(233)] ReadMemory at 0x7ffb1ecb0000 of 64 bytes failed: Seule une partie d’une requête ReadProcessMemory ou WriteProcessMemory a été effectuée. (0x12B)
[0622/112942.767:WARNING:pe_image_reader.cc(281)] could not read dos header from C:\WINDOWS\System32\profapi.dll
[0622/112942.767:ERROR:process_reader_win.cc(233)] ReadMemory at 0x7ffb1f5c0000 of 64 bytes failed: Seule une partie d’une requête ReadProcessMemory ou WriteProcessMemory a été effectuée. (0x12B)
[0622/112942.767:WARNING:pe_image_reader.cc(281)] could not read dos header from C:\WINDOWS\System32\windows.storage.dll
[0622/112942.767:ERROR:process_reader_win.cc(233)] ReadMemory at 0x7ffb20900000 of 64 bytes failed: Seule une partie d’une requête ReadProcessMemory ou WriteProcessMemory a été effectuée. (0x12B)
[0622/112942.767:WARNING:pe_image_reader.cc(281)] could not read dos header from C:\WINDOWS\System32\SHELL32.dll
[0622/112942.767:ERROR:process_reader_win.cc(233)] ReadMemory at 0x7ffb1e3f0000 of 64 bytes failed: Seule une partie d’une requête ReadProcessMemory ou WriteProcessMemory a été effectuée. (0x12B)
[0622/112942.767:WARNING:pe_image_reader.cc(281)] could not read dos header from C:\WINDOWS\SYSTEM32\USERENV.dll
[0622/112942.767:ERROR:process_reader_win.cc(233)] ReadMemory at 0x7ffb1a750000 of 64 bytes failed: Seule une partie d’une requête ReadProcessMemory ou WriteProcessMemory a été effectuée. (0x12B)
[0622/112942.767:WARNING:pe_image_reader.cc(281)] could not read dos header from C:\WINDOWS\SYSTEM32\MPR.dll
[0622/112942.767:ERROR:process_reader_win.cc(233)] ReadMemory at 0x7ffb11c90000 of 64 bytes failed: Seule une partie d’une requête ReadProcessMemory ou WriteProcessMemory a été effectuée. (0x12B)
[0622/112942.767:WARNING:pe_image_reader.cc(281)] could not read dos header from C:\WINDOWS\SYSTEM32\VERSION.dll
[0622/112942.767:ERROR:process_reader_win.cc(233)] ReadMemory at 0x7ffb09bf0000 of 64 bytes failed: Seule une partie d’une requête ReadProcessMemory ou WriteProcessMemory a été effectuée. (0x12B)
[0622/112942.767:WARNING:pe_image_reader.cc(281)] could not read dos header from C:\Program Files (x86)\Google\Chrome\Application\58.0.3029.110\chrome_elf.dll
[0622/112942.767:ERROR:process_reader_win.cc(233)] ReadMemory at 0x7ffb224c0000 of 64 bytes failed: Seule une partie d’une requête ReadProcessMemory ou WriteProcessMemory a été effectuée. (0x12B)
[0622/112942.767:WARNING:pe_image_reader.cc(281)] could not read dos header from C:\WINDOWS\System32\PSAPI.DLL
[0622/112942.767:ERROR:process_reader_win.cc(233)] ReadMemory at 0x7ffb1b890000 of 64 bytes failed: Seule une partie d’une requête ReadProcessMemory ou WriteProcessMemory a été effectuée. (0x12B)
[0622/112942.767:WARNING:pe_image_reader.cc(281)] could not read dos header from C:\WINDOWS\SYSTEM32\WINMMBASE.dll
[0622/112942.767:ERROR:process_reader_win.cc(233)] ReadMemory at 0x7ffb1b8c0000 of 64 bytes failed: Seule une partie d’une requête ReadProcessMemory ou WriteProcessMemory a été effectuée. (0x12B)
[0622/112942.767:WARNING:pe_image_reader.cc(281)] could not read dos header from C:\WINDOWS\SYSTEM32\WINMM.dll
[0622/112942.767:ERROR:process_reader_win.cc(233)] ReadMemory at 0x7ffb1c440000 of 64 bytes failed: Seule une partie d’une requête ReadProcessMemory ou WriteProcessMemory a été effectuée. (0x12B)
[0622/112942.767:WARNING:pe_image_reader.cc(281)] could not read dos header from C:\WINDOWS\SYSTEM32\WINHTTP.dll
[0622/112942.767:ERROR:process_reader_win.cc(233)] ReadMemory at 0x7ffb1e730000 of 64 bytes failed: Seule une partie d’une requête ReadProcessMemory ou WriteProcessMemory a été effectuée. (0x12B)
[0622/112942.767:WARNING:pe_image_reader.cc(281)] could not read dos header from C:\WINDOWS\SYSTEM32\CRYPTBASE.DLL
[0622/112942.767:ERROR:process_reader_win.cc(233)] ReadMemory at 0x7ffb1efc0000 of 64 bytes failed: Seule une partie d’une requête ReadProcessMemory ou WriteProcessMemory a été effectuée. (0x12B)
[0622/112942.767:WARNING:pe_image_reader.cc(281)] could not read dos header from C:\WINDOWS\System32\msvcp_win.dll
[0622/112942.767:ERROR:process_reader_win.cc(233)] ReadMemory at 0x7ffb1ff60000 of 64 bytes failed: Seule une partie d’une requête ReadProcessMemory ou WriteProcessMemory a été effectuée. (0x12B)
[0622/112942.767:WARNING:pe_image_reader.cc(281)] could not read dos header from C:\WINDOWS\System32\OLEAUT32.dll
[0622/112942.767:ERROR:process_reader_win.cc(233)] ReadMemory at 0x7ffb15c50000 of 64 bytes failed: Seule une partie d’une requête ReadProcessMemory ou WriteProcessMemory a été effectuée. (0x12B)
[0622/112942.767:WARNING:pe_image_reader.cc(281)] could not read dos header from C:\WINDOWS\SYSTEM32\ninput.dll
[0622/112942.767:ERROR:process_reader_win.cc(233)] ReadMemory at 0x7ffb22600000 of 64 bytes failed: Seule une partie d’une requête ReadProcessMemory ou WriteProcessMemory a été effectuée. (0x12B)
[0622/112942.767:WARNING:pe_image_reader.cc(281)] could not read dos header from C:\WINDOWS\System32\WS2_32.dll
[0622/112942.767:ERROR:process_reader_win.cc(233)] ReadMemory at 0x7ffb10e80000 of 64 bytes failed: Seule une partie d’une requête ReadProcessMemory ou WriteProcessMemory a été effectuée. (0x12B)
[0622/112942.767:WARNING:pe_image_reader.cc(281)] could not read dos header from C:\WINDOWS\WinSxS\amd64_microsoft.windows.common-controls_6595b64144ccf1df_6.0.14393.953_none_42151e83c686086b\COMCTL32.dll
[0622/112942.767:ERROR:process_reader_win.cc(233)] ReadMemory at 0x7ffb207a0000 of 64 bytes failed: Seule une partie d’une requête ReadProcessMemory ou WriteProcessMemory a été effectuée. (0x12B)
[0622/112942.767:WARNING:pe_image_reader.cc(281)] could not read dos header from C:\WINDOWS\System32\COMDLG32.dll
[0622/112942.767:ERROR:process_reader_win.cc(233)] ReadMemory at 0x7ffb1a5b0000 of 64 bytes failed: Seule une partie d’une requête ReadProcessMemory ou WriteProcessMemory a été effectuée. (0x12B)
[0622/112942.767:WARNING:pe_image_reader.cc(281)] could not read dos header from C:\WINDOWS\SYSTEM32\dbghelp.dll
[0622/112942.767:ERROR:process_reader_win.cc(233)] ReadMemory at 0x7ffb20780000 of 64 bytes failed: Seule une partie d’une requête ReadProcessMemory ou WriteProcessMemory a été effectuée. (0x12B)
[0622/112942.767:WARNING:pe_image_reader.cc(281)] could not read dos header from C:\WINDOWS\System32\USP10.dll
[0622/112942.767:ERROR:process_reader_win.cc(233)] ReadMemory at 0x7ffb1ebe0000 of 64 bytes failed: Seule une partie d’une requête ReadProcessMemory ou WriteProcessMemory a été effectuée. (0x12B)
[0622/112942.767:WARNING:pe_image_reader.cc(281)] could not read dos header from C:\WINDOWS\SYSTEM32\bcrypt.dll
[0622/112942.767:ERROR:process_reader_win.cc(233)] ReadMemory at 0x7ffb16640000 of 64 bytes failed: Seule une partie d’une requête ReadProcessMemory ou WriteProcessMemory a été effectuée. (0x12B)
[0622/112942.767:WARNING:pe_image_reader.cc(281)] could not read dos header from C:\WINDOWS\SYSTEM32\WINSPOOL.DRV
[0622/112942.767:ERROR:process_reader_win.cc(233)] ReadMemory at 0x7ffb1e2f0000 of 64 bytes failed: Seule une partie d’une requête ReadProcessMemory ou WriteProcessMemory a été effectuée. (0x12B)
[0622/112942.767:WARNING:pe_image_reader.cc(281)] could not read dos header from C:\WINDOWS\SYSTEM32\IPHLPAPI.DLL
[0622/112942.767:ERROR:process_reader_win.cc(233)] ReadMemory at 0x7ffb1ca60000 of 64 bytes failed: Seule une partie d’une requête ReadProcessMemory ou WriteProcessMemory a été effectuée. (0x12B)
[0622/112942.767:WARNING:pe_image_reader.cc(281)] could not read dos header from C:\WINDOWS\SYSTEM32\Secur32.dll
[0622/112942.767:ERROR:process_reader_win.cc(233)] ReadMemory at 0x7ffb18c80000 of 64 bytes failed: Seule une partie d’une requête ReadProcessMemory ou WriteProcessMemory a été effectuée. (0x12B)
[0622/112942.767:WARNING:pe_image_reader.cc(281)] could not read dos header from C:\WINDOWS\SYSTEM32\DWrite.dll
[0622/112942.767:ERROR:process_reader_win.cc(233)] ReadMemory at 0x7ffb1eca0000 of 64 bytes failed: Seule une partie d’une requête ReadProcessMemory ou WriteProcessMemory a été effectuée. (0x12B)
[0622/112942.767:WARNING:pe_image_reader.cc(281)] could not read dos header from C:\WINDOWS\System32\MSASN1.dll
[0622/112942.767:ERROR:process_reader_win.cc(233)] ReadMemory at 0x7ffb1f110000 of 64 bytes failed: Seule une partie d’une requête ReadProcessMemory ou WriteProcessMemory a été effectuée. (0x12B)
[0622/112942.767:WARNING:pe_image_reader.cc(281)] could not read dos header from C:\WINDOWS\System32\CRYPT32.dll
[0622/112942.767:ERROR:process_reader_win.cc(233)] ReadMemory at 0x7ffb1f3e0000 of 64 bytes failed: Seule une partie d’une requête ReadProcessMemory ou WriteProcessMemory a été effectuée. (0x12B)
[0622/112942.767:WARNING:pe_image_reader.cc(281)] could not read dos header from C:\WINDOWS\System32\WINTRUST.dll
[0622/112942.767:ERROR:process_reader_win.cc(233)] ReadMemory at 0x7ffae5f80000 of 64 bytes failed: Seule une partie d’une requête ReadProcessMemory ou WriteProcessMemory a été effectuée. (0x12B)
[0622/112942.767:WARNING:pe_image_reader.cc(281)] could not read dos header from C:\Program Files (x86)\Google\Chrome\Application\58.0.3029.110\chrome_child.dll
[0622/112942.767:ERROR:process_reader_win.cc(233)] ReadMemory at 0x7ff7d0170000 of 64 bytes failed: Seule une partie d’une requête ReadProcessMemory ou WriteProcessMemory a été effectuée. (0x12B)
[0622/112942.767:WARNING:pe_image_reader.cc(281)] could not read dos header from C:\Program Files (x86)\Google\Chrome\Application\chrome.exe
[0622/112942.767:ERROR:process_reader_win.cc(233)] ReadMemory at 0x7ffb22850000 of 64 bytes failed: Seule une partie d’une requête ReadProcessMemory ou WriteProcessMemory a été effectuée. (0x12B)
[0622/112942.767:WARNING:pe_image_reader.cc(281)] could not read dos header from C:\WINDOWS\SYSTEM32\ntdll.dll
[0622/112942.767:ERROR:process_reader_win.cc(233)] ReadMemory at 0x7ffb1ed30000 of 64 bytes failed: Seule une partie d’une requête ReadProcessMemory ou WriteProcessMemory a été effectuée. (0x12B)
[0622/112942.767:WARNING:pe_image_reader.cc(281)] could not read dos header from C:\WINDOWS\System32\KERNELBASE.dll
[0622/112942.767:ERROR:process_reader_win.cc(233)] ReadMemory at 0x7ffb20510000 of 64 bytes failed: Seule une partie d’une requête ReadProcessMemory ou WriteProcessMemory a été effectuée. (0x12B)
[0622/112942.767:WARNING:pe_image_reader.cc(281)] could not read dos header from C:\WINDOWS\System32\KERNEL32.DLL
[0622/112942.767:ERROR:process_reader_win.cc(233)] ReadMemory at 0x7ffb1cac0000 of 64 bytes failed: Seule une partie d’une requête ReadProcessMemory ou WriteProcessMemory a été effectuée. (0x12B)
[0622/112942.767:WARNING:pe_image_reader.cc(281)] could not read dos header from C:\WINDOWS\system32\apphelp.dll
[0622/112942.767:ERROR:process_reader_win.cc(233)] ReadMemory at 0x7ffb1a000000 of 64 bytes failed: Seule une partie d’une requête ReadProcessMemory ou WriteProcessMemory a été effectuée. (0x12B)
[0622/112942.767:WARNING:pe_image_reader.cc(281)] could not read dos header from C:\WINDOWS\AppPatch\AppPatch64\AcGenral.dll
[0622/112942.767:ERROR:process_reader_win.cc(233)] ReadMemory at 0x7ffb22670000 of 64 bytes failed: Seule une partie d’une requête ReadProcessMemory ou WriteProcessMemory a été effectuée. (0x12B)
[0622/112942.767:WARNING:pe_image_reader.cc(281)] could not read dos header from C:\WINDOWS\System32\msvcrt.dll
[0622/112942.767:ERROR:process_reader_win.cc(233)] ReadMemory at 0x7ffb203c0000 of 64 bytes failed: Seule une partie d’une requête ReadProcessMemory ou WriteProcessMemory a été effectuée. (0x12B)
[0622/112942.767:WARNING:pe_image_reader.cc(281)] could not read dos header from C:\WINDOWS\System32\RPCRT4.dll
[0622/112942.767:ERROR:process_reader_win.cc(233)] ReadMemory at 0x7ffb225a0000 of 64 bytes failed: Seule une partie d’une requête ReadProcessMemory ou WriteProcessMemory a été effectuée. (0x12B)
[0622/112942.767:WARNING:pe_image_reader.cc(281)] could not read dos header from C:\WINDOWS\System32\sechost.dll
[0622/112942.767:ERROR:process_reader_win.cc(233)] ReadMemory at 0x7ffb1e930000 of 64 bytes failed: Seule une partie d’une requête ReadProcessMemory ou WriteProcessMemory a été effectuée. (0x12B)
[0622/112942.767:WARNING:pe_image_reader.cc(281)] could not read dos header from C:\WINDOWS\SYSTEM32\SspiCli.dll
[0622/112942.767:ERROR:process_reader_win.cc(233)] ReadMemory at 0x7ffb1f2e0000 of 64 bytes failed: Seule une partie d’une requête ReadProcessMemory ou WriteProcessMemory a été effectuée. (0x12B)
[0622/112942.767:WARNING:pe_image_reader.cc(281)] could not read dos header from C:\WINDOWS\System32\ucrtbase.dll
[0622/112942.767:ERROR:process_reader_win.cc(233)] ReadMemory at 0x7ffb1fca0000 of 64 bytes failed: Seule une partie d’une requête ReadProcessMemory ou WriteProcessMemory a été effectuée. (0x12B)
[0622/112942.767:WARNING:pe_image_reader.cc(281)] could not read dos header from C:\WINDOWS\System32\bcryptPrimitives.dll
[0622/112942.767:ERROR:process_reader_win.cc(233)] ReadMemory at 0x7ffb200f0000 of 64 bytes failed: Seule une partie d’une requête ReadProcessMemory ou WriteProcessMemory a été effectuée. (0x12B)
[0622/112942.767:WARNING:pe_image_reader.cc(281)] could not read dos header from C:\WINDOWS\System32\combase.dll
[0622/112942.767:ERROR:process_reader_win.cc(233)] ReadMemory at 0x7ffb1efa0000 of 64 bytes failed: Seule une partie d’une requête ReadProcessMemory ou WriteProcessMemory a été effectuée. (0x12B)
[0622/112942.767:WARNING:pe_image_reader.cc(281)] could not read dos header from C:\WINDOWS\System32\win32u.dll
[0622/112942.767:ERROR:process_reader_win.cc(233)] ReadMemory at 0x7ffb22240000 of 64 bytes failed: Seule une partie d’une requête ReadProcessMemory ou WriteProcessMemory a été effectuée. (0x12B)
[0622/112942.767:WARNING:pe_image_reader.cc(281)] could not read dos header from C:\WINDOWS\System32\USER32.dll
[0622/112942.767:ERROR:process_reader_win.cc(233)] ReadMemory at 0x7ffb1f440000 of 64 bytes failed: Seule une partie d’une requête ReadProcessMemory ou WriteProcessMemory a été effectuée. (0x12B)
[0622/112942.767:WARNING:pe_image_reader.cc(281)] could not read dos header from C:\WINDOWS\System32\gdi32full.dll
[0622/112942.767:ERROR:process_reader_win.cc(233)] ReadMemory at 0x7ffb223b0000 of 64 bytes failed: Seule une partie d’une requête ReadProcessMemory ou WriteProcessMemory a été effectuée. (0x12B)
[0622/112942.767:WARNING:pe_image_reader.cc(281)] could not read dos header from C:\WINDOWS\System32\GDI32.dll
[0622/112942.767:ERROR:process_reader_win.cc(233)] ReadMemory at 0x253296a0000 of 64 bytes failed: Seule une partie d’une requête ReadProcessMemory ou WriteProcessMemory a été effectuée. (0x12B)
[0622/112942.767:WARNING:pe_image_reader.cc(281)] could not read dos header from C:\WINDOWS\System32\IMM32.DLL
[0622/112942.767:ERROR:process_reader_win.cc(233)] ReadMemory at 0x7ffb20020000 of 64 bytes failed: Seule une partie d’une requête ReadProcessMemory ou WriteProcessMemory a été effectuée. (0x12B)
[0622/112942.767:WARNING:pe_image_reader.cc(281)] could not read dos header from C:\WINDOWS\System32\SHLWAPI.dll
[0622/112942.767:ERROR:process_reader_win.cc(233)] ReadMemory at 0x7ffb22710000 of 64 bytes failed: Seule une partie d’une requête ReadProcessMemory ou WriteProcessMemory a été effectuée. (0x12B)
[0622/112942.767:WARNING:pe_image_reader.cc(281)] could not read dos header from C:\WINDOWS\System32\ole32.dll
[0622/112942.767:ERROR:process_reader_win.cc(233)] ReadMemory at 0x7ffb1ef50000 of 64 bytes failed: Seule une partie d’une requête ReadProcessMemory ou WriteProcessMemory a été effectuée. (0x12B)
[0622/112942.767:WARNING:pe_image_reader.cc(281)] could not read dos header from C:\WINDOWS\System32\cfgmgr32.dll
[0622/112942.767:ERROR:process_reader_win.cc(233)] ReadMemory at 0x7ffb1ecd0000 of 64 bytes failed: Seule une partie d’une requête ReadProcessMemory ou WriteProcessMemory a été effectuée. (0x12B)
[0622/112942.767:WARNING:pe_image_reader.cc(281)] could not read dos header from C:\WINDOWS\System32\powrprof.dll
[0622/112942.767:ERROR:process_reader_win.cc(233)] ReadMemory at 0x7ffb224e0000 of 64 bytes failed: Seule une partie d’une requête ReadProcessMemory ou WriteProcessMemory a été effectuée. (0x12B)
[0622/112942.767:WARNING:pe_image_reader.cc(281)] could not read dos header from C:\WINDOWS\System32\advapi32.dll
[0622/112942.767:ERROR:process_reader_win.cc(233)] ReadMemory at 0x7ffb1ed20000 of 64 bytes failed: Seule une partie d’une requête ReadProcessMemory ou WriteProcessMemory a été effectuée. (0x12B)
[0622/112942.767:WARNING:pe_image_reader.cc(281)] could not read dos header from C:\WINDOWS\System32\kernel.appcore.dll
[0622/112942.767:ERROR:process_reader_win.cc(233)] ReadMemory at 0x7ffb1f060000 of 64 bytes failed: Seule une partie d’une requête ReadProcessMemory ou WriteProcessMemory a été effectuée. (0x12B)
[0622/112942.767:WARNING:pe_image_reader.cc(281)] could not read dos header from C:\WINDOWS\System32\shcore.dll
[0622/112942.767:ERROR:process_reader_win.cc(233)] ReadMemory at 0x7ffb1ecb0000 of 64 bytes failed: Seule une partie d’une requête ReadProcessMemory ou WriteProcessMemory a été effectuée. (0x12B)
[0622/112942.767:WARNING:pe_image_reader.cc(281)] could not read dos header from C:\WINDOWS\System32\profapi.dll
[0622/112942.767:ERROR:process_reader_win.cc(233)] ReadMemory at 0x7ffb1f5c0000 of 64 bytes failed: Seule une partie d’une requête ReadProcessMemory ou WriteProcessMemory a été effectuée. (0x12B)
[0622/112942.767:WARNING:pe_image_reader.cc(281)] could not read dos header from C:\WINDOWS\System32\windows.storage.dll
[0622/112942.767:ERROR:process_reader_win.cc(233)] ReadMemory at 0x7ffb20900000 of 64 bytes failed: Seule une partie d’une requête ReadProcessMemory ou WriteProcessMemory a été effectuée. (0x12B)
[0622/112942.767:WARNING:pe_image_reader.cc(281)] could not read dos header from C:\WINDOWS\System32\SHELL32.dll
[0622/112942.767:ERROR:process_reader_win.cc(233)] ReadMemory at 0x7ffb1e3f0000 of 64 bytes failed: Seule une partie d’une requête ReadProcessMemory ou WriteProcessMemory a été effectuée. (0x12B)
[0622/112942.767:WARNING:pe_image_reader.cc(281)] could not read dos header from C:\WINDOWS\SYSTEM32\USERENV.dll
[0622/112942.767:ERROR:process_reader_win.cc(233)] ReadMemory at 0x7ffb1a750000 of 64 bytes failed: Seule une partie d’une requête ReadProcessMemory ou WriteProcessMemory a été effectuée. (0x12B)
[0622/112942.767:WARNING:pe_image_reader.cc(281)] could not read dos header from C:\WINDOWS\SYSTEM32\MPR.dll
[0622/112942.767:ERROR:process_reader_win.cc(233)] ReadMemory at 0x7ffb11c90000 of 64 bytes failed: Seule une partie d’une requête ReadProcessMemory ou WriteProcessMemory a été effectuée. (0x12B)
[0622/112942.767:WARNING:pe_image_reader.cc(281)] could not read dos header from C:\WINDOWS\SYSTEM32\VERSION.dll
[0622/112942.767:ERROR:process_reader_win.cc(233)] ReadMemory at 0x7ffb09bf0000 of 64 bytes failed: Seule une partie d’une requête ReadProcessMemory ou WriteProcessMemory a été effectuée. (0x12B)
[0622/112942.767:WARNING:pe_image_reader.cc(281)] could not read dos header from C:\Program Files (x86)\Google\Chrome\Application\58.0.3029.110\chrome_elf.dll
[0622/112942.767:ERROR:process_reader_win.cc(233)] ReadMemory at 0x7ffb224c0000 of 64 bytes failed: Seule une partie d’une requête ReadProcessMemory ou WriteProcessMemory a été effectuée. (0x12B)
[0622/112942.767:WARNING:pe_image_reader.cc(281)] could not read dos header from C:\WINDOWS\System32\PSAPI.DLL
[0622/112942.767:ERROR:process_reader_win.cc(233)] ReadMemory at 0x7ffb1b890000 of 64 bytes failed: Seule une partie d’une requête ReadProcessMemory ou WriteProcessMemory a été effectuée. (0x12B)
[0622/112942.767:WARNING:pe_image_reader.cc(281)] could not read dos header from C:\WINDOWS\SYSTEM32\WINMMBASE.dll
[0622/112942.767:ERROR:process_reader_win.cc(233)] ReadMemory at 0x7ffb1b8c0000 of 64 bytes failed: Seule une partie d’une requête ReadProcessMemory ou WriteProcessMemory a été effectuée. (0x12B)
[0622/112942.767:WARNING:pe_image_reader.cc(281)] could not read dos header from C:\WINDOWS\SYSTEM32\WINMM.dll
[0622/112942.767:ERROR:process_reader_win.cc(233)] ReadMemory at 0x7ffb1c440000 of 64 bytes failed: Seule une partie d’une requête ReadProcessMemory ou WriteProcessMemory a été effectuée. (0x12B)
[0622/112942.767:WARNING:pe_image_reader.cc(281)] could not read dos header from C:\WINDOWS\SYSTEM32\WINHTTP.dll
[0622/112942.767:ERROR:process_reader_win.cc(233)] ReadMemory at 0x7ffb1e730000 of 64 bytes failed: Seule une partie d’une requête ReadProcessMemory ou WriteProcessMemory a été effectuée. (0x12B)
[0622/112942.767:WARNING:pe_image_reader.cc(281)] could not read dos header from C:\WINDOWS\SYSTEM32\CRYPTBASE.DLL
[0622/112942.767:ERROR:process_reader_win.cc(233)] ReadMemory at 0x7ffb1efc0000 of 64 bytes failed: Seule une partie d’une requête ReadProcessMemory ou WriteProcessMemory a été effectuée. (0x12B)
[0622/112942.767:WARNING:pe_image_reader.cc(281)] could not read dos header from C:\WINDOWS\System32\msvcp_win.dll
[0622/112942.767:ERROR:process_reader_win.cc(233)] ReadMemory at 0x7ffb1ff60000 of 64 bytes failed: Seule une partie d’une requête ReadProcessMemory ou WriteProcessMemory a été effectuée. (0x12B)
[0622/112942.767:WARNING:pe_image_reader.cc(281)] could not read dos header from C:\WINDOWS\System32\OLEAUT32.dll
[0622/112942.767:ERROR:process_reader_win.cc(233)] ReadMemory at 0x7ffb15c50000 of 64 bytes failed: Seule une partie d’une requête ReadProcessMemory ou WriteProcessMemory a été effectuée. (0x12B)
[0622/112942.767:WARNING:pe_image_reader.cc(281)] could not read dos header from C:\WINDOWS\SYSTEM32\ninput.dll
[0622/112942.767:ERROR:process_reader_win.cc(233)] ReadMemory at 0x7ffb22600000 of 64 bytes failed: Seule une partie d’une requête ReadProcessMemory ou WriteProcessMemory a été effectuée. (0x12B)
[0622/112942.767:WARNING:pe_image_reader.cc(281)] could not read dos header from C:\WINDOWS\System32\WS2_32.dll
[0622/112942.767:ERROR:process_reader_win.cc(233)] ReadMemory at 0x7ffb10e80000 of 64 bytes failed: Seule une partie d’une requête ReadProcessMemory ou WriteProcessMemory a été effectuée. (0x12B)
[0622/112942.767:WARNING:pe_image_reader.cc(281)] could not read dos header from C:\WINDOWS\WinSxS\amd64_microsoft.windows.common-controls_6595b64144ccf1df_6.0.14393.953_none_42151e83c686086b\COMCTL32.dll
[0622/112942.767:ERROR:process_reader_win.cc(233)] ReadMemory at 0x7ffb207a0000 of 64 bytes failed: Seule une partie d’une requête ReadProcessMemory ou WriteProcessMemory a été effectuée. (0x12B)
[0622/112942.767:WARNING:pe_image_reader.cc(281)] could not read dos header from C:\WINDOWS\System32\COMDLG32.dll
[0622/112942.767:ERROR:process_reader_win.cc(233)] ReadMemory at 0x7ffb1a5b0000 of 64 bytes failed: Seule une partie d’une requête ReadProcessMemory ou WriteProcessMemory a été effectuée. (0x12B)
[0622/112942.767:WARNING:pe_image_reader.cc(281)] could not read dos header from C:\WINDOWS\SYSTEM32\dbghelp.dll
[0622/112942.767:ERROR:process_reader_win.cc(233)] ReadMemory at 0x7ffb20780000 of 64 bytes failed: Seule une partie d’une requête ReadProcessMemory ou WriteProcessMemory a été effectuée. (0x12B)
[0622/112942.767:WARNING:pe_image_reader.cc(281)] could not read dos header from C:\WINDOWS\System32\USP10.dll
[0622/112942.767:ERROR:process_reader_win.cc(233)] ReadMemory at 0x7ffb1ebe0000 of 64 bytes failed: Seule une partie d’une requête ReadProcessMemory ou WriteProcessMemory a été effectuée. (0x12B)
[0622/112942.767:WARNING:pe_image_reader.cc(281)] could not read dos header from C:\WINDOWS\SYSTEM32\bcrypt.dll
[0622/112942.767:ERROR:process_reader_win.cc(233)] ReadMemory at 0x7ffb16640000 of 64 bytes failed: Seule une partie d’une requête ReadProcessMemory ou WriteProcessMemory a été effectuée. (0x12B)
[0622/112942.767:WARNING:pe_image_reader.cc(281)] could not read dos header from C:\WINDOWS\SYSTEM32\WINSPOOL.DRV
[0622/112942.767:ERROR:process_reader_win.cc(233)] ReadMemory at 0x7ffb1e2f0000 of 64 bytes failed: Seule une partie d’une requête ReadProcessMemory ou WriteProcessMemory a été effectuée. (0x12B)
[0622/112942.767:WARNING:pe_image_reader.cc(281)] could not read dos header from C:\WINDOWS\SYSTEM32\IPHLPAPI.DLL
[0622/112942.767:ERROR:process_reader_win.cc(233)] ReadMemory at 0x7ffb1ca60000 of 64 bytes failed: Seule une partie d’une requête ReadProcessMemory ou WriteProcessMemory a été effectuée. (0x12B)
[0622/112942.767:WARNING:pe_image_reader.cc(281)] could not read dos header from C:\WINDOWS\SYSTEM32\Secur32.dll
[0622/112942.767:ERROR:process_reader_win.cc(233)] ReadMemory at 0x7ffb18c80000 of 64 bytes failed: Seule une partie d’une requête ReadProcessMemory ou WriteProcessMemory a été effectuée. (0x12B)
[0622/112942.767:WARNING:pe_image_reader.cc(281)] could not read dos header from C:\WINDOWS\SYSTEM32\DWrite.dll
[0622/112942.767:ERROR:process_reader_win.cc(233)] ReadMemory at 0x7ffb1eca0000 of 64 bytes failed: Seule une partie d’une requête ReadProcessMemory ou WriteProcessMemory a été effectuée. (0x12B)
[0622/112942.767:WARNING:pe_image_reader.cc(281)] could not read dos header from C:\WINDOWS\System32\MSASN1.dll
[0622/112942.767:ERROR:process_reader_win.cc(233)] ReadMemory at 0x7ffb1f110000 of 64 bytes failed: Seule une partie d’une requête ReadProcessMemory ou WriteProcessMemory a été effectuée. (0x12B)
[0622/112942.767:WARNING:pe_image_reader.cc(281)] could not read dos header from C:\WINDOWS\System32\CRYPT32.dll
[0622/112942.767:ERROR:process_reader_win.cc(233)] ReadMemory at 0x7ffb1f3e0000 of 64 bytes failed: Seule une partie d’une requête ReadProcessMemory ou WriteProcessMemory a été effectuée. (0x12B)
[0622/112942.767:WARNING:pe_image_reader.cc(281)] could not read dos header from C:\WINDOWS\System32\WINTRUST.dll
[0622/112942.767:ERROR:process_reader_win.cc(233)] ReadMemory at 0x7ffae5f80000 of 64 bytes failed: Seule une partie d’une requête ReadProcessMemory ou WriteProcessMemory a été effectuée. (0x12B)
[0622/112942.767:WARNING:pe_image_reader.cc(281)] could not read dos header from C:\Program Files (x86)\Google\Chrome\Application\58.0.3029.110\chrome_child.dll
[0622/112942.798:ERROR:process_reader_win.cc(233)] ReadMemory at 0xfab35ee000 of 73728 bytes failed: Seule une partie d’une requête ReadProcessMemory ou WriteProcessMemory a été effectuée. (0x12B)
[0622/112942.798:ERROR:crash_report_exception_handler.cc(111)] WriteEverything failed
[0622/112942.814:ERROR:scoped_process_suspend.cc(38)] NtResumeProcess: Tentative d’accès à un processus en cours d’arrêt.  (0xc000010a)
